mode: set
WallE/helper/jwt.go:12.64,20.2 6 1
WallE/helper/jwt.go:22.41,25.80 3 1
WallE/helper/jwt.go:28.2,28.16 1 1
WallE/helper/jwt.go:31.2,32.31 2 0
WallE/helper/jwt.go:25.80,27.3 1 1
WallE/helper/jwt.go:28.16,30.3 1 1
WallE/helper/jwt.go:35.40,38.80 3 1
WallE/helper/jwt.go:41.2,41.16 1 1
WallE/helper/jwt.go:44.2,45.33 2 0
WallE/helper/jwt.go:38.80,40.3 1 1
WallE/helper/jwt.go:41.16,43.3 1 1
WallE/helper/jwt.go:48.37,49.15 1 1
WallE/helper/jwt.go:52.2,52.12 1 1
WallE/helper/jwt.go:49.15,51.3 1 1
WallE/helper/jwt.go:55.40,56.15 1 1
WallE/helper/jwt.go:59.2,59.12 1 1
WallE/helper/jwt.go:56.15,58.3 1 1
WallE/helper/mail.go:5.56,28.16 7 0
WallE/helper/mail.go:31.2,31.12 1 0
WallE/helper/mail.go:28.16,30.3 1 0
WallE/helper/midtrans.go:12.50,18.2 5 0
WallE/helper/midtrans.go:20.39,21.13 1 0
WallE/helper/midtrans.go:26.2,26.14 1 0
WallE/helper/midtrans.go:21.13,23.3 1 0
WallE/helper/midtrans.go:23.8,23.20 1 0
WallE/helper/midtrans.go:23.20,25.3 1 0
WallE/helper/midtrans.go:75.113,78.23 3 1
WallE/helper/midtrans.go:84.2,96.3 1 1
WallE/helper/midtrans.go:78.23,80.3 1 1
WallE/helper/midtrans.go:80.8,82.3 1 1
WallE/helper/midtrans.go:99.113,115.2 2 1
WallE/helper/midtrans.go:117.54,134.2 1 0
WallE/helper/midtrans.go:136.63,138.30 2 0
WallE/helper/midtrans.go:157.2,157.12 1 0
WallE/helper/midtrans.go:138.30,156.3 2 0
WallE/services/transaksi_service.go:21.96,25.20 4 1
WallE/services/transaksi_service.go:28.2,29.18 2 1
WallE/services/transaksi_service.go:32.2,32.33 1 1
WallE/services/transaksi_service.go:35.2,61.16 5 1
WallE/services/transaksi_service.go:64.2,72.18 9 1
WallE/services/transaksi_service.go:75.2,76.25 2 1
WallE/services/transaksi_service.go:79.2,79.20 1 1
WallE/services/transaksi_service.go:25.20,27.3 1 1
WallE/services/transaksi_service.go:29.18,31.3 1 1
WallE/services/transaksi_service.go:32.33,34.3 1 1
WallE/services/transaksi_service.go:61.16,63.3 1 1
WallE/services/transaksi_service.go:72.18,74.3 1 1
WallE/services/transaksi_service.go:76.25,78.3 1 1
WallE/services/transaksi_service.go:82.99,86.20 4 1
WallE/services/transaksi_service.go:89.2,90.18 2 1
WallE/services/transaksi_service.go:93.2,93.33 1 1
WallE/services/transaksi_service.go:96.2,119.16 5 1
WallE/services/transaksi_service.go:122.2,130.18 9 1
WallE/services/transaksi_service.go:133.2,134.25 2 1
WallE/services/transaksi_service.go:137.2,137.17 1 1
WallE/services/transaksi_service.go:86.20,88.3 1 1
WallE/services/transaksi_service.go:90.18,92.3 1 1
WallE/services/transaksi_service.go:93.33,95.3 1 1
WallE/services/transaksi_service.go:119.16,121.3 1 1
WallE/services/transaksi_service.go:130.18,132.3 1 1
WallE/services/transaksi_service.go:134.25,136.3 1 1
WallE/services/transaksi_service.go:140.94,142.16 2 1
WallE/services/transaksi_service.go:145.2,145.66 1 1
WallE/services/transaksi_service.go:152.2,152.12 1 1
WallE/services/transaksi_service.go:142.16,144.3 1 1
WallE/services/transaksi_service.go:145.66,148.17 3 1
WallE/services/transaksi_service.go:148.17,150.4 1 1
WallE/services/transaksi_service.go:155.91,158.2 2 1
WallE/services/transaksi_service.go:160.87,162.2 1 1
WallE/services/transaksi_service.go:164.80,166.2 1 1
WallE/services/transaksi_service.go:168.73,171.2 2 1
WallE/services/transaksi_service.go:173.49,175.2 1 1
WallE/services/transaksi_service.go:177.81,181.2 1 1
WallE/services/user_service.go:23.56,29.18 6 1
WallE/services/user_service.go:39.2,40.16 2 1
WallE/services/user_service.go:43.2,43.30 1 1
WallE/services/user_service.go:29.18,30.36 1 1
WallE/services/user_service.go:37.3,37.45 1 1
WallE/services/user_service.go:30.36,32.18 2 1
WallE/services/user_service.go:35.4,35.31 1 1
WallE/services/user_service.go:32.18,34.5 1 1
WallE/services/user_service.go:40.16,42.3 1 1
WallE/services/user_service.go:46.78,48.16 2 1
WallE/services/user_service.go:51.2,51.23 1 1
WallE/services/user_service.go:54.2,55.16 2 1
WallE/services/user_service.go:58.2,59.19 2 1
WallE/services/user_service.go:48.16,50.3 1 1
WallE/services/user_service.go:51.23,53.3 1 1
WallE/services/user_service.go:55.16,57.3 1 1
WallE/services/user_service.go:62.69,64.16 2 1
WallE/services/user_service.go:67.2,67.18 1 1
WallE/services/user_service.go:64.16,66.3 1 1
WallE/services/user_service.go:70.67,72.16 2 1
WallE/services/user_service.go:75.2,75.74 1 1
WallE/services/user_service.go:78.2,78.29 1 1
WallE/services/user_service.go:81.2,82.35 2 1
WallE/services/user_service.go:72.16,74.3 1 1
WallE/services/user_service.go:75.74,77.3 1 1
WallE/services/user_service.go:78.29,80.3 1 1
WallE/services/user_service.go:85.63,87.16 2 1
WallE/services/user_service.go:90.2,97.16 8 1
WallE/services/user_service.go:100.2,101.16 2 1
WallE/services/user_service.go:104.2,104.12 1 1
WallE/services/user_service.go:87.16,89.3 1 1
WallE/services/user_service.go:97.16,99.3 1 1
WallE/services/user_service.go:101.16,103.3 1 1
WallE/services/user_service.go:107.74,109.16 2 1
WallE/services/user_service.go:112.2,112.23 1 1
WallE/services/user_service.go:115.2,116.16 2 1
WallE/services/user_service.go:119.2,120.16 2 1
WallE/services/user_service.go:123.2,123.12 1 1
WallE/services/user_service.go:109.16,111.3 1 1
WallE/services/user_service.go:112.23,114.3 1 1
WallE/services/user_service.go:116.16,118.3 1 1
WallE/services/user_service.go:120.16,122.3 1 1
WallE/services/user_service.go:126.71,128.2 1 1
WallE/services/user_service.go:130.86,135.2 1 1
WallE/services/user_service.go:137.28,140.19 3 1
WallE/services/user_service.go:143.2,143.18 1 1
WallE/services/user_service.go:140.19,142.3 1 1
WallE/services/produk_service.go:13.64,17.2 3 1
WallE/services/produk_service.go:19.98,23.2 3 1
WallE/services/produk_service.go:25.78,29.2 3 1
WallE/services/produk_service.go:31.72,33.16 2 1
WallE/services/produk_service.go:36.2,36.12 1 1
WallE/services/produk_service.go:33.16,35.3 1 1
WallE/services/produk_service.go:39.57,43.2 3 1
WallE/services/produk_service.go:45.51,47.2 1 1
WallE/services/produk_service.go:49.62,51.2 1 1
WallE/services/produk_service.go:53.76,55.2 1 1
WallE/services/produk_service.go:57.89,59.2 1 1
WallE/services/produk_service.go:61.80,63.2 1 1
WallE/services/produk_service.go:65.57,67.2 1 1
WallE/services/produk_service.go:69.74,73.2 1 1
WallE/handlers/rest/handler.go:13.56,16.45 2 0
WallE/handlers/rest/handler.go:21.2,75.117 44 0
WallE/handlers/rest/handler.go:16.45,20.3 1 0
WallE/handlers/rest/produk_controller.go:18.66,24.2 2 1
WallE/handlers/rest/produk_controller.go:26.63,29.23 3 1
WallE/handlers/rest/produk_controller.go:35.2,41.25 4 1
WallE/handlers/rest/produk_controller.go:47.2,48.16 2 1
WallE/handlers/rest/produk_controller.go:54.2,57.4 1 1
WallE/handlers/rest/produk_controller.go:29.23,34.3 1 1
WallE/handlers/rest/produk_controller.go:41.25,46.3 1 1
WallE/handlers/rest/produk_controller.go:48.16,53.3 1 1
WallE/handlers/rest/produk_controller.go:59.74,66.2 3 1
WallE/handlers/rest/produk_controller.go:68.68,75.2 3 1
WallE/handlers/rest/produk_controller.go:77.82,85.2 4 1
WallE/handlers/rest/produk_controller.go:87.65,90.23 3 1
WallE/handlers/rest/produk_controller.go:96.2,99.20 4 1
WallE/handlers/rest/produk_controller.go:105.2,106.16 2 1
WallE/handlers/rest/produk_controller.go:112.2,115.4 1 1
WallE/handlers/rest/produk_controller.go:90.23,95.3 1 1
WallE/handlers/rest/produk_controller.go:99.20,104.3 1 1
WallE/handlers/rest/produk_controller.go:106.16,111.3 1 1
WallE/handlers/rest/produk_controller.go:118.63,121.23 3 1
WallE/handlers/rest/produk_controller.go:127.2,129.22 3 1
WallE/handlers/rest/produk_controller.go:139.2,142.4 1 1
WallE/handlers/rest/produk_controller.go:121.23,126.3 1 1
WallE/handlers/rest/produk_controller.go:129.22,131.27 2 1
WallE/handlers/rest/produk_controller.go:134.3,137.5 1 1
WallE/handlers/rest/produk_controller.go:131.27,133.4 1 1
WallE/handlers/rest/produk_controller.go:145.76,152.2 3 1
WallE/handlers/rest/produk_controller.go:154.77,162.2 4 1
WallE/handlers/rest/produk_controller.go:164.72,166.19 2 1
WallE/handlers/rest/produk_controller.go:172.2,174.23 3 1
WallE/handlers/rest/produk_controller.go:180.2,183.16 4 1
WallE/handlers/rest/produk_controller.go:189.2,192.4 1 1
WallE/handlers/rest/produk_controller.go:166.19,171.3 1 1
WallE/handlers/rest/produk_controller.go:174.23,179.3 1 1
WallE/handlers/rest/produk_controller.go:183.16,188.3 1 1
WallE/handlers/rest/produk_controller.go:195.71,198.23 3 1
WallE/handlers/rest/produk_controller.go:204.2,206.16 3 1
WallE/handlers/rest/produk_controller.go:212.2,215.4 1 1
WallE/handlers/rest/produk_controller.go:198.23,203.3 1 1
WallE/handlers/rest/produk_controller.go:206.16,211.3 1 1
WallE/handlers/rest/transaksi_controller.go:17.75,20.26 3 1
WallE/handlers/rest/transaksi_controller.go:26.2,29.16 4 1
WallE/handlers/rest/transaksi_controller.go:35.2,38.4 1 1
WallE/handlers/rest/transaksi_controller.go:20.26,25.3 1 1
WallE/handlers/rest/transaksi_controller.go:29.16,34.3 1 1
WallE/handlers/rest/transaksi_controller.go:41.75,44.26 3 1
WallE/handlers/rest/transaksi_controller.go:50.2,53.16 4 1
WallE/handlers/rest/transaksi_controller.go:59.2,62.4 1 1
WallE/handlers/rest/transaksi_controller.go:44.26,49.3 1 1
WallE/handlers/rest/transaksi_controller.go:53.16,58.3 1 1
WallE/handlers/rest/transaksi_controller.go:65.72,69.16 4 1
WallE/handlers/rest/transaksi_controller.go:75.2,77.4 1 1
WallE/handlers/rest/transaksi_controller.go:69.16,74.3 1 1
WallE/handlers/rest/transaksi_controller.go:80.76,89.2 5 1
WallE/handlers/rest/transaksi_controller.go:91.74,95.23 4 1
WallE/handlers/rest/transaksi_controller.go:101.2,106.4 3 1
WallE/handlers/rest/transaksi_controller.go:95.23,100.3 1 1
WallE/handlers/rest/transaksi_controller.go:109.75,111.13 2 1
WallE/handlers/rest/transaksi_controller.go:117.2,122.4 3 1
WallE/handlers/rest/transaksi_controller.go:111.13,116.3 1 1
WallE/handlers/rest/transaksi_controller.go:125.71,128.23 3 1
WallE/handlers/rest/transaksi_controller.go:134.2,138.4 2 1
WallE/handlers/rest/transaksi_controller.go:128.23,133.3 1 1
WallE/handlers/rest/user_controller.go:16.57,20.16 4 1
WallE/handlers/rest/user_controller.go:32.2,35.4 1 1
WallE/handlers/rest/user_controller.go:20.16,21.30 1 1
WallE/handlers/rest/user_controller.go:27.3,30.5 1 1
WallE/handlers/rest/user_controller.go:21.30,26.4 1 1
WallE/handlers/rest/user_controller.go:38.60,41.16 3 1
WallE/handlers/rest/user_controller.go:47.2,50.4 1 1
WallE/handlers/rest/user_controller.go:41.16,46.3 1 1
WallE/handlers/rest/user_controller.go:53.61,61.16 5 1
WallE/handlers/rest/user_controller.go:67.2,71.4 1 1
WallE/handlers/rest/user_controller.go:61.16,66.3 1 1
WallE/handlers/rest/user_controller.go:74.54,82.14 5 1
WallE/handlers/rest/user_controller.go:96.2,100.4 1 1
WallE/handlers/rest/user_controller.go:83.27,86.5 1 1
WallE/handlers/rest/user_controller.go:87.31,90.5 1 1
WallE/handlers/rest/user_controller.go:91.32,94.5 1 1
WallE/handlers/rest/user_controller.go:103.68,110.16 5 1
WallE/handlers/rest/user_controller.go:116.2,119.4 1 1
WallE/handlers/rest/user_controller.go:110.16,115.3 1 1
WallE/handlers/rest/user_controller.go:122.63,131.16 5 1
WallE/handlers/rest/user_controller.go:137.2,140.4 1 1
WallE/handlers/rest/user_controller.go:131.16,136.3 1 1
WallE/handlers/rest/user_controller.go:143.63,148.16 5 1
WallE/handlers/rest/user_controller.go:154.2,157.4 1 1
WallE/handlers/rest/user_controller.go:148.16,153.3 1 1
